#
# There is insufficient memory for the Java Runtime Environment to continue.
# Native memory allocation (mmap) failed to map 264241152 bytes. Error detail: G1 virtual space
# Possible reasons:
#   The system is out of physical RAM or swap space
#   This process is running with CompressedOops enabled, and the Java Heap may be blocking the growth of the native heap
# Possible solutions:
#   Reduce memory load on the system
#   Increase physical memory or swap space
#   Check if swap backing store is full
#   Decrease Java heap size (-Xmx/-Xms)
#   Decrease number of Java threads
#   Decrease Java thread stack sizes (-Xss)
#   Set larger code cache with -XX:ReservedCodeCacheSize=
#   JVM is running with Zero Based Compressed Oops mode in which the Java heap is
#     placed in the first 32GB address space. The Java Heap base address is the
#     maximum limit for the native heap growth. Please use -XX:HeapBaseMinAddress
#     to set the Java Heap base and to place the Java Heap above 32GB virtual address.
# This output file may be truncated or incomplete.
#
#  Out of Memory Error (os_windows.cpp:3925), pid=27424, tid=26012
#
# JRE version:  (21.0.9+1) (build )
# Java VM: OpenJDK 64-Bit Server VM (21.0.9+1-b1163.86, mixed mode, sharing, tiered, compressed oops, compressed class ptrs, g1 gc, windows-amd64)
# No core dump will be written. Minidumps are not enabled by default on client versions of Windows
#

---------------  S U M M A R Y ------------

Command Line: git4idea.http.GitAskPassApp Username for 'https://github.com': 

Host: 13th Gen Intel(R) Core(TM) i7-13620H, 16 cores, 15G,  Windows 11 , 64 bit Build 26100 (10.0.26100.5074)
Time: Sat Mar 21 12:59:42 2026 Sri Lanka Standard Time elapsed time: 0.007670 seconds (0d 0h 0m 0s)

---------------  T H R E A D  ---------------

Current thread (0x0000023db5009220):  JavaThread "Unknown thread" [_thread_in_vm, id=26012, stack(0x000000f3e0d00000,0x000000f3e0e00000) (1024K)]

Stack: [0x000000f3e0d00000,0x000000f3e0e00000]
Native frames: (J=compiled Java code, j=interpreted, Vv=VM code, C=native code)
V  [jvm.dll+0x6ec339]
V  [jvm.dll+0x8cc463]
V  [jvm.dll+0x8cea7e]
V  [jvm.dll+0x8cf163]
V  [jvm.dll+0x28b006]
V  [jvm.dll+0x6e8b15]
V  [jvm.dll+0x6dc1aa]
V  [jvm.dll+0x366a7b]
V  [jvm.dll+0x36e666]
V  [jvm.dll+0x3c0bd6]
V  [jvm.dll+0x3c0ea8]
V  [jvm.dll+0x33922c]
V  [jvm.dll+0x339f1b]
V  [jvm.dll+0x893b29]
V  [jvm.dll+0x3cdda8]
V  [jvm.dll+0x87ca68]
V  [jvm.dll+0x462a4e]
V  [jvm.dll+0x464731]
C  [jli.dll+0x52ab]
C  [ucrtbase.dll+0x37b0]
C  [KERNEL32.DLL+0x2e8d7]
C  [ntdll.dll+0x8d9c]


---------------  P R O C E S S  ---------------

Threads class SMR info:
_java_thread_list=0x00007ffae1f852c8, length=0, elements={
}

Java Threads: ( => current thread )
Total: 0

Other Threads:
  0x0000023db7410d00 WorkerThread "GC Thread#0"                     [id=21568, stack(0x000000f3e0e00000,0x000000f3e0f00000) (1024K)]
  0x0000023db7422b50 ConcurrentGCThread "G1 Main Marker"            [id=27856, stack(0x000000f3e0f00000,0x000000f3e1000000) (1024K)]
  0x0000023db7423650 WorkerThread "G1 Conc#0"                       [id=30524, stack(0x000000f3e1000000,0x000000f3e1100000) (1024K)]

[error occurred during error reporting (printing all threads), id 0xc0000005, EXCEPTION_ACCESS_VIOLATION (0xc0000005) at pc=0x00007ffae166c287]
VM state: not at safepoint (not fully initialized)

VM Mutex/Monitor currently owned by a thread:  ([mutex/lock_event])
[0x00007ffae1ff9e30] Heap_lock - owner thread: 0x0000023db5009220

Heap address: 0x0000000704a00000, size: 4022 MB, Compressed Oops mode: Zero based, Oop shift amount: 3

CDS archive(s) mapped at: [0x0000000000000000-0x0000000000000000-0x0000000000000000), size 0, SharedBaseAddress: 0x0000000800000000, ArchiveRelocationMode: 1.
Narrow klass base: 0x0000000000000000, Narrow klass shift: 0, Narrow klass range: 0x0

GC Precious Log:
 CardTable entry size: 512
 Card Set container configuration: InlinePtr #cards 4 size 8 Array Of Cards #cards 16 size 48 Howl #buckets 8 coarsen threshold 3686 Howl Bitmap #cards 512 size 80 coarsen threshold 460 Card regions per heap region 1 cards per card region 4096

Heap:
 garbage-first heap   total 0K, used 0K [0x0000000704a00000, 0x0000000800000000)
  region size 2048K, 0 young (0K), 0 survivors (0K)
 Metaspace       used 0K, committed 0K, reserved 0K
  class space    used 0K, committed 0K, reserved 0K

Heap Regions: E=young(eden), S=young(survivor), O=old, HS=humongous(starts), HC=humongous(continues), CS=collection set, F=free, TAMS=top-at-mark-start, PB=parsable bottom

Card table byte_map: [0x0000023dcb460000,0x0000023dcbc40000] _byte_map_base: 0x0000023dc7c3b000

Marking Bits: (CMBitMap*) 0x0000023db7412720
 Bits: [0x0000023dcbc40000, 0x0000023dcfb18000)

GC Heap History (0 events):
No events

Dll operation events (1 events):
Event: 0.004 Loaded shared library F:\PyCharm 2025.3.1.1\jbr\bin\java.dll

Deoptimization events (0 events):
No events

Classes loaded (0 events):
No events

Classes unloaded (0 events):
No events

Classes redefined (0 events):
No events

Internal exceptions (0 events):
No events

ZGC Phase Switch (0 events):
No events

VM Operations (0 events):
No events

Memory protections (0 events):
No events

Nmethod flushes (0 events):
No events

Events (0 events):
No events


Dynamic libraries:
0x00007ff7cce40000 - 0x00007ff7cce4a000 	F:\PyCharm 2025.3.1.1\jbr\bin\java.exe
0x00007ffb83b00000 - 0x00007ffb83d69000 	C:\WINDOWS\SYSTEM32\ntdll.dll
0x00007ffb839f0000 - 0x00007ffb83ab9000 	C:\WINDOWS\System32\KERNEL32.DLL
0x00007ffb80ea0000 - 0x00007ffb81293000 	C:\WINDOWS\System32\KERNELBASE.dll
0x00007ffb80d50000 - 0x00007ffb80e9b000 	C:\WINDOWS\System32\ucrtbase.dll
0x00007ffb6c530000 - 0x00007ffb6c548000 	F:\PyCharm 2025.3.1.1\jbr\bin\jli.dll
0x00007ffb3e130000 - 0x00007ffb3e14b000 	F:\PyCharm 2025.3.1.1\jbr\bin\VCRUNTIME140.dll
0x00007ffb82c50000 - 0x00007ffb82e14000 	C:\WINDOWS\System32\USER32.dll
0x00007ffb81540000 - 0x00007ffb81567000 	C:\WINDOWS\System32\win32u.dll
0x00007ffb63af0000 - 0x00007ffb63d83000 	C:\WINDOWS\WinSxS\amd64_microsoft.windows.common-controls_6595b64144ccf1df_6.0.26100.5074_none_3e0d6f78e32fd63f\COMCTL32.dll
0x00007ffb829a0000 - 0x00007ffb829cb000 	C:\WINDOWS\System32\GDI32.dll
0x00007ffb82330000 - 0x00007ffb823d9000 	C:\WINDOWS\System32\msvcrt.dll
0x00007ffb81620000 - 0x00007ffb8174d000 	C:\WINDOWS\System32\gdi32full.dll
0x00007ffb81570000 - 0x00007ffb81613000 	C:\WINDOWS\System32\msvcp_win.dll
0x00007ffb82e60000 - 0x00007ffb82e8f000 	C:\WINDOWS\System32\IMM32.DLL
0x00007ffb431a0000 - 0x00007ffb431ac000 	F:\PyCharm 2025.3.1.1\jbr\bin\vcruntime140_1.dll
0x00007ffaf39e0000 - 0x00007ffaf3a6d000 	F:\PyCharm 2025.3.1.1\jbr\bin\msvcp140.dll
0x00007ffae1320000 - 0x00007ffae20ed000 	F:\PyCharm 2025.3.1.1\jbr\bin\server\jvm.dll
0x00007ffb82460000 - 0x00007ffb82514000 	C:\WINDOWS\System32\ADVAPI32.dll
0x00007ffb82f70000 - 0x00007ffb83016000 	C:\WINDOWS\System32\sechost.dll
0x00007ffb833a0000 - 0x00007ffb834b8000 	C:\WINDOWS\System32\RPCRT4.dll
0x00007ffb834c0000 - 0x00007ffb83534000 	C:\WINDOWS\System32\WS2_32.dll
0x00007ffb80510000 - 0x00007ffb8056e000 	C:\WINDOWS\SYSTEM32\POWRPROF.dll
0x00007ffb76660000 - 0x00007ffb7666b000 	C:\WINDOWS\SYSTEM32\VERSION.dll
0x00007ffb742a0000 - 0x00007ffb742d5000 	C:\WINDOWS\SYSTEM32\WINMM.dll
0x00007ffb804f0000 - 0x00007ffb80504000 	C:\WINDOWS\SYSTEM32\UMPDC.dll
0x00007ffb7f990000 - 0x00007ffb7f9ab000 	C:\WINDOWS\SYSTEM32\kernel.appcore.dll
0x00007ffb40bb0000 - 0x00007ffb40bba000 	F:\PyCharm 2025.3.1.1\jbr\bin\jimage.dll
0x00007ffb7e3a0000 - 0x00007ffb7e5e2000 	C:\WINDOWS\SYSTEM32\DBGHELP.DLL
0x00007ffb83020000 - 0x00007ffb8339b000 	C:\WINDOWS\System32\combase.dll
0x00007ffb81b00000 - 0x00007ffb81bd7000 	C:\WINDOWS\System32\OLEAUT32.dll
0x00007ffb63f70000 - 0x00007ffb63fad000 	C:\WINDOWS\SYSTEM32\dbgcore.DLL
0x00007ffb814a0000 - 0x00007ffb81539000 	C:\WINDOWS\System32\bcryptPrimitives.dll
0x00007ffb360a0000 - 0x00007ffb360c0000 	F:\PyCharm 2025.3.1.1\jbr\bin\java.dll

JVMTI agents: none

dbghelp: loaded successfully - version: 4.0.5 - missing functions: none
symbol engine: initialized successfully - sym options: 0x614 - pdb path: .;F:\PyCharm 2025.3.1.1\jbr\bin;C:\WINDOWS\SYSTEM32;C:\WINDOWS\WinSxS\amd64_microsoft.windows.common-controls_6595b64144ccf1df_6.0.26100.5074_none_3e0d6f78e32fd63f;F:\PyCharm 2025.3.1.1\jbr\bin\server

VM Arguments:
java_command: git4idea.http.GitAskPassApp Username for 'https://github.com': 
java_class_path (initial): F:/PyCharm 2025.3.1.1/plugins/vcs-git/lib/git4idea-rt.jar;F:/PyCharm 2025.3.1.1/lib/externalProcess-rt.jar
Launcher Type: SUN_STANDARD

[Global flags]
     intx CICompilerCount                          = 12                                        {product} {ergonomic}
     uint ConcGCThreads                            = 3                                         {product} {ergonomic}
     uint G1ConcRefinementThreads                  = 13                                        {product} {ergonomic}
   size_t G1HeapRegionSize                         = 2097152                                   {product} {ergonomic}
    uintx GCDrainStackTargetSize                   = 64                                        {product} {ergonomic}
   size_t InitialHeapSize                          = 264241152                                 {product} {ergonomic}
   size_t MarkStackSize                            = 4194304                                   {product} {ergonomic}
   size_t MaxHeapSize                              = 4217372672                                {product} {ergonomic}
   size_t MinHeapDeltaBytes                        = 2097152                                   {product} {ergonomic}
   size_t MinHeapSize                              = 8388608                                   {product} {ergonomic}
    uintx NonNMethodCodeHeapSize                   = 7602480                                {pd product} {ergonomic}
    uintx NonProfiledCodeHeapSize                  = 122027880                              {pd product} {ergonomic}
    uintx ProfiledCodeHeapSize                     = 122027880                              {pd product} {ergonomic}
    uintx ReservedCodeCacheSize                    = 251658240                              {pd product} {ergonomic}
     bool SegmentedCodeCache                       = true                                      {product} {ergonomic}
   size_t SoftMaxHeapSize                          = 4217372672                             {manageable} {ergonomic}
     bool UseCompressedOops                        = true                           {product lp64_product} {ergonomic}
     bool UseG1GC                                  = true                                      {product} {ergonomic}
     bool UseLargePagesIndividualAllocation        = false                                  {pd product} {ergonomic}

Logging:
Log output configuration:
 #0: stdout all=warning uptime,level,tags foldmultilines=false
 #1: stderr all=off uptime,level,tags foldmultilines=false

Release file:
<release file has not been read>
Environment Variables:
JAVA_HOME=C:\Program Files\Eclipse Adoptium\jdk-17.0.16.8-hotspot\
PATH=C:/Program Files/Git/mingw64/libexec/git-core;C:/Program Files/Git/mingw64/libexec/git-core;C:\Program Files\Git\mingw64\bin;C:\Program Files\Git\usr\bin;C:\Users\USER\bin;C:\Program Files\Common Files\Oracle\Java\javapath;C:\Program Files (x86)\Common Files\Oracle\Java\java8path;C:\Program Files (x86)\Common Files\Oracle\Java\javapath;C:\Program Files\Eclipse Adoptium\jdk-17.0.16.8-hotspot\bin;C:\Program Files (x86)\Common Files\Intel\Shared Libraries\redist\intel64\compiler;C:\Windows\system32;C:\Windows;C:\Windows\System32\Wbem;C:\Windows\System32\WindowsPowerShell\v1.0\;C:\Windows\System32\OpenSSH\;C:\Program Files (x86)\NVIDIA Corporation\PhysX\Common;C:\Program Files\dotnet\;C:\Program Files\NVIDIA Corporation\NVIDIA app\NvDLISR;C:\WINDOWS\system32;C:\WINDOWS;C:\WINDOWS\System32\Wbem;C:\WINDOWS\System32\WindowsPowerShell\v1.0\;C:\WINDOWS\System32\OpenSSH\;C:\Program Files\Java\jdk-24\bin;C:\Program Files\nodejs\;C:\Program Files\Git\cmd;C:\Users\USER\AppData\Local\Programs\Python\Python311\Scripts\;C:\Users\USER\AppData\Local\Programs\Python\Python311\;C:\Users\USER\AppData\Local\Microsoft\WindowsApps;C:\Users\USER\.dotnet\tools;C:\Users\USER\AppData\Local\Programs\Python\Python311\Scripts;C:\Users\USER\AppData\Local\Programs\Microsoft VS Code\bin;F:\PyCharm 2025.3.1.1\bin;F:\CLion 2025.3 Re\bin;C:\Users\USER\AppData\Roaming\npm;F:\Antigravity\bin;F:\IntelliJ IDEA Community Edition 2025.2.4\bin
USERNAME=USER
DISPLAY=:0.0
LC_ALL=en_US.UTF-8
TERM=xterm-256color
TMPDIR=C:\Users\USER\AppData\Local\Temp
OS=Windows_NT
PROCESSOR_IDENTIFIER=Intel64 Family 6 Model 186 Stepping 2, GenuineIntel
TMP=C:\Users\USER\AppData\Local\Temp
TEMP=C:\Users\USER\AppData\Local\Temp




Periodic native trim disabled

JNI global refs:
JNI global refs: 0, weak refs: 0

JNI global refs memory usage: 0, weak refs: 0

Process memory usage:
Resident Set Size: 13068K (0% of 16473604K total physical memory with 1836364K free physical memory)

OOME stack traces (most recent first):
Classloader memory used:

---------------  S Y S T E M  ---------------

OS:
 Windows 11 , 64 bit Build 26100 (10.0.26100.5074)
OS uptime: 1 days 18:09 hours
Hyper-V role detected

CPU: total 16 (initial active 16) (8 cores per cpu, 2 threads per core) family 6 model 186 stepping 2 microcode 0x410e, cx8, cmov, fxsr, ht, mmx, 3dnowpref, sse, sse2, sse3, ssse3, sse4.1, sse4.2, popcnt, lzcnt, tsc, tscinvbit, avx, avx2, aes, erms, clmul, bmi1, bmi2, adx, sha, fma, vzeroupper, clflush, clflushopt, clwb, hv, serialize, rdtscp, rdpid, fsrm, f16c, cet_ibt, cet_ss
Processor Information for processor 0
  Max Mhz: 2400, Current Mhz: 2400, Mhz Limit: 2400
Processor Information for processor 1
  Max Mhz: 2400, Current Mhz: 2400, Mhz Limit: 2400
Processor Information for processor 2
  Max Mhz: 2400, Current Mhz: 2400, Mhz Limit: 2400
Processor Information for processor 3
  Max Mhz: 2400, Current Mhz: 1520, Mhz Limit: 2400
Processor Information for processor 4
  Max Mhz: 2400, Current Mhz: 2400, Mhz Limit: 2400
Processor Information for processor 5
  Max Mhz: 2400, Current Mhz: 2400, Mhz Limit: 2400
Processor Information for processor 6
  Max Mhz: 2400, Current Mhz: 2400, Mhz Limit: 2400
Processor Information for processor 7
  Max Mhz: 2400, Current Mhz: 2400, Mhz Limit: 2400
Processor Information for processor 8
  Max Mhz: 2400, Current Mhz: 2400, Mhz Limit: 2400
Processor Information for processor 9
  Max Mhz: 2400, Current Mhz: 1520, Mhz Limit: 2400
Processor Information for processor 10
  Max Mhz: 2400, Current Mhz: 2400, Mhz Limit: 2400
Processor Information for processor 11
  Max Mhz: 2400, Current Mhz: 2400, Mhz Limit: 2400
Processor Information for processor 12
  Max Mhz: 2400, Current Mhz: 2400, Mhz Limit: 2400
Processor Information for processor 13
  Max Mhz: 2400, Current Mhz: 1466, Mhz Limit: 2400
Processor Information for processor 14
  Max Mhz: 2400, Current Mhz: 1466, Mhz Limit: 2400
Processor Information for processor 15
  Max Mhz: 2400, Current Mhz: 2400, Mhz Limit: 2400

Memory: 4k page, system-wide physical 16087M (1793M free)
TotalPageFile size 23241M (AvailPageFile size 248M)
current process WorkingSet (physical memory assigned to process): 12M, peak: 12M
current process commit charge ("private bytes"): 71M, peak: 322M

vm_info: OpenJDK 64-Bit Server VM (21.0.9+1-b1163.86) for windows-amd64 JRE (21.0.9+1-b1163.86), built on 2025-12-02 by "builduser" with MS VC++ 16.10 / 16.11 (VS2019)

END.
